c:\users\paulo\dropbox\jogo\jogo de luta\project_0.5\project_0.1\x64\debug\vc142.pdb
c:\users\paulo\dropbox\jogo\jogo de luta\project_0.5\project_0.1\x64\debug\vc142.idb
c:\users\paulo\dropbox\jogo\jogo de luta\project_0.5\project_0.1\x64\debug\scenario.obj
c:\users\paulo\dropbox\jogo\jogo de luta\project_0.5\project_0.1\x64\debug\interface.obj
c:\users\paulo\dropbox\jogo\jogo de luta\project_0.5\project_0.1\x64\debug\terry_attacks.obj
c:\users\paulo\dropbox\jogo\jogo de luta\project_0.5\project_0.1\x64\debug\terry_animations.obj
c:\users\paulo\dropbox\jogo\jogo de luta\project_0.5\project_0.1\x64\debug\terry_actionprocess.obj
c:\users\paulo\dropbox\jogo\jogo de luta\project_0.5\project_0.1\x64\debug\terry.obj
c:\users\paulo\dropbox\jogo\jogo de luta\project_0.5\project_0.1\x64\debug\playerinput.obj
c:\users\paulo\dropbox\jogo\jogo de luta\project_0.5\project_0.1\x64\debug\main.obj
c:\users\paulo\dropbox\jogo\jogo de luta\project_0.5\project_0.1\x64\debug\game.obj
c:\users\paulo\dropbox\jogo\jogo de luta\project_0.5\project_0.1\x64\debug\terry_effects.obj
c:\users\paulo\dropbox\jogo\jogo de luta\project_0.5\x64\debug\project_0.1.exe
c:\users\paulo\dropbox\jogo\jogo de luta\project_0.5\x64\debug\project_0.1.ilk
c:\users\paulo\dropbox\jogo\jogo de luta\project_0.5\x64\debug\project_0.1.pdb
c:\users\paulo\dropbox\jogo\jogo de luta\project_0.5\project_0.1\x64\debug\project_0.1.tlog\cl.command.1.tlog
c:\users\paulo\dropbox\jogo\jogo de luta\project_0.5\project_0.1\x64\debug\project_0.1.tlog\cl.read.1.tlog
c:\users\paulo\dropbox\jogo\jogo de luta\project_0.5\project_0.1\x64\debug\project_0.1.tlog\cl.write.1.tlog
c:\users\paulo\dropbox\jogo\jogo de luta\project_0.5\project_0.1\x64\debug\project_0.1.tlog\link.command.1.tlog
c:\users\paulo\dropbox\jogo\jogo de luta\project_0.5\project_0.1\x64\debug\project_0.1.tlog\link.read.1.tlog
c:\users\paulo\dropbox\jogo\jogo de luta\project_0.5\project_0.1\x64\debug\project_0.1.tlog\link.write.1.tlog
